[0mCompiling "resources/public/js/ui-core.js" from ["ui_src" "dev_src"]...
notifying browser that file changed:  resources/public/js/ui-out/goog/deps.js
notifying browser that file changed:  resources/public/js/ui-out/cljs_deps.js
notifying browser that file changed:  out/ui/core.js
[32mSuccessfully compiled "resources/public/js/ui-core.js" in 2.644 seconds.[0m
[0mCompiling "resources/public/js/ui-core.js" from ["ui_src" "dev_src"]...
notifying browser that file changed:  out/ui/core.js
[32mSuccessfully compiled "resources/public/js/ui-core.js" in 2.444 seconds.[0m
[0mCompiling "resources/public/js/ui-core.js" from ["ui_src" "dev_src"]...
notifying browser that file changed:  out/ui/core.js
[32mSuccessfully compiled "resources/public/js/ui-core.js" in 2.404 seconds.[0m
[0mCompiling "resources/public/js/ui-core.js" from ["ui_src" "dev_src"]...
notifying browser that file changed:  out/ui/core.js
[32mSuccessfully compiled "resources/public/js/ui-core.js" in 2.347 seconds.[0m
[0mCompiling "resources/public/js/ui-core.js" from ["ui_src" "dev_src"]...
notifying browser that file changed:  out/ui/core.js
[32mSuccessfully compiled "resources/public/js/ui-core.js" in 2.506 seconds.[0m
[0mCompiling "resources/public/js/ui-core.js" from ["ui_src" "dev_src"]...
notifying browser that file changed:  out/ui/core.js
[32mSuccessfully compiled "resources/public/js/ui-core.js" in 2.304 seconds.[0m
[0mCompiling "resources/public/js/ui-core.js" from ["ui_src" "dev_src"]...
notifying browser that file changed:  out/ui/core.js
[32mSuccessfully compiled "resources/public/js/ui-core.js" in 2.336 seconds.[0m
[0mCompiling "resources/public/js/ui-core.js" from ["ui_src" "dev_src"]...
notifying browser that file changed:  out/ui/core.js
[32mSuccessfully compiled "resources/public/js/ui-core.js" in 2.291 seconds.[0m
[0mCompiling "resources/public/js/ui-core.js" from ["ui_src" "dev_src"]...
notifying browser that file changed:  out/ui/core.js
[32mSuccessfully compiled "resources/public/js/ui-core.js" in 2.287 seconds.[0m
[0mCompiling "resources/public/js/ui-core.js" from ["ui_src" "dev_src"]...
notifying browser that file changed:  out/ui/core.js
[32mSuccessfully compiled "resources/public/js/ui-core.js" in 2.399 seconds.[0m
[0mCompiling "resources/public/js/ui-core.js" from ["ui_src" "dev_src"]...
notifying browser that file changed:  out/ui/core.js
[32mSuccessfully compiled "resources/public/js/ui-core.js" in 2.427 seconds.[0m
[0mCompiling "resources/public/js/ui-core.js" from ["ui_src" "dev_src"]...
notifying browser that file changed:  out/ui/core.js
[32mSuccessfully compiled "resources/public/js/ui-core.js" in 2.255 seconds.[0m
[0mCompiling "resources/public/js/ui-core.js" from ["ui_src" "dev_src"]...
notifying browser that file changed:  out/ui/core.js
[32mSuccessfully compiled "resources/public/js/ui-core.js" in 2.274 seconds.[0m
[0mCompiling "resources/public/js/ui-core.js" from ["ui_src" "dev_src"]...
notifying browser that file changed:  out/ui/core.js
[32mSuccessfully compiled "resources/public/js/ui-core.js" in 2.253 seconds.[0m
[0mCompiling "resources/public/js/ui-core.js" from ["ui_src" "dev_src"]...
notifying browser that file changed:  out/ui/core.js
[32mSuccessfully compiled "resources/public/js/ui-core.js" in 2.369 seconds.[0m
[0mCompiling "resources/public/js/ui-core.js" from ["ui_src" "dev_src"]...
notifying browser that file changed:  out/ui/core.js
[32mSuccessfully compiled "resources/public/js/ui-core.js" in 2.475 seconds.[0m
[0mCompiling "resources/public/js/ui-core.js" from ["ui_src" "dev_src"]...
notifying browser that file changed:  out/ui/core.js
[32mSuccessfully compiled "resources/public/js/ui-core.js" in 2.286 seconds.[0m
[0mCompiling "resources/public/js/ui-core.js" from ["ui_src" "dev_src"]...
notifying browser that file changed:  out/ui/core.js
[32mSuccessfully compiled "resources/public/js/ui-core.js" in 2.297 seconds.[0m
[0mCompiling "resources/public/js/ui-core.js" from ["ui_src" "dev_src"]...
notifying browser that file changed:  out/ui/core.js
[32mSuccessfully compiled "resources/public/js/ui-core.js" in 2.383 seconds.[0m
[0mCompiling "resources/public/js/ui-core.js" from ["ui_src" "dev_src"]...
notifying browser that file changed:  out/ui/core.js
[32mSuccessfully compiled "resources/public/js/ui-core.js" in 2.28 seconds.[0m
[0mCompiling "resources/public/js/ui-core.js" from ["ui_src" "dev_src"]...
notifying browser that file changed:  out/ui/core.js
[32mSuccessfully compiled "resources/public/js/ui-core.js" in 2.247 seconds.[0m
[0mCompiling "resources/public/js/ui-core.js" from ["ui_src" "dev_src"]...
notifying browser that file changed:  out/ui/core.js
[32mSuccessfully compiled "resources/public/js/ui-core.js" in 2.266 seconds.[0m
[0mCompiling "resources/public/js/ui-core.js" from ["ui_src" "dev_src"]...
notifying browser that file changed:  out/ui/core.js
[32mSuccessfully compiled "resources/public/js/ui-core.js" in 2.231 seconds.[0m
